컴퓨터 [찌] vs 유저 [찌]로 무승부	-09:37:32.655104200
컴퓨터 [묵] vs 유저 [빠]로 유저 승리	-09:37:32.655104200
컴퓨터 [빠] vs 유저 [찌]로 유저 승리	-09:37:32.655104200
컴퓨터 [찌] vs 유저 [묵]로 유저 승리	-09:37:32.655104200
컴퓨터 [묵] vs 유저 [찌]로 컴퓨터 승리	-09:37:32.655104200
컴퓨터 [빠] vs 유저 [찌]로 유저 승리	-09:37:32.656103300
컴퓨터 [찌] vs 유저 [빠]로 컴퓨터 승리	-09:37:32.656103300
컴퓨터 [찌] vs 유저 [묵]로 유저 승리	-09:37:32.656103300
컴퓨터 [묵] vs 유저 [묵]로 무승부	-09:37:32.656103300
컴퓨터 [찌] vs 유저 [찌]로 무승부	-09:37:32.656103300
컴퓨터 [찌] vs 유저 [빠]로 컴퓨터 승리	-17:24:19.235736800
컴퓨터 [묵] vs 유저 [찌]로 컴퓨터 승리	-17:24:19.236736
컴퓨터 [찌] vs 유저 [찌]로 무승부	-17:24:19.236736
컴퓨터 [찌] vs 유저 [찌]로 무승부	-17:24:19.236736
컴퓨터 [빠] vs 유저 [묵]로 컴퓨터 승리	-17:24:19.236736
컴퓨터 [찌] vs 유저 [빠]로 컴퓨터 승리	-17:24:19.236736
컴퓨터 [빠] vs 유저 [빠]로 무승부	-17:24:19.236736
컴퓨터 [묵] vs 유저 [묵]로 무승부	-17:24:19.237735300
컴퓨터 [빠] vs 유저 [묵]로 컴퓨터 승리	-17:24:19.237735300
컴퓨터 [묵] vs 유저 [묵]로 무승부	-17:24:19.237735300
컴퓨터 [찌] vs 유저 [찌]로 무승부	-17:24:23.606451100
컴퓨터 [찌] vs 유저 [찌]로 무승부	-17:24:23.607435200
컴퓨터 [찌] vs 유저 [빠]로 컴퓨터 승리	-17:24:23.607435200
컴퓨터 [찌] vs 유저 [빠]로 컴퓨터 승리	-17:24:23.607435200
컴퓨터 [빠] vs 유저 [빠]로 무승부	-17:24:23.607435200
컴퓨터 [빠] vs 유저 [묵]로 컴퓨터 승리	-17:24:23.607435200
컴퓨터 [빠] vs 유저 [찌]로 유저 승리	-17:24:23.607435200
컴퓨터 [묵] vs 유저 [묵]로 무승부	-17:24:23.608435100
컴퓨터 [찌] vs 유저 [찌]로 무승부	-17:24:23.608435100
컴퓨터 [찌] vs 유저 [찌]로 무승부	-17:24:23.608435100
컴퓨터 [빠] vs 유저 [빠]로 무승부	-09:06:49.728562
컴퓨터 [찌] vs 유저 [빠]로 컴퓨터 승리	-09:06:49.728562
컴퓨터 [묵] vs 유저 [묵]로 무승부	-09:06:49.729561200
컴퓨터 [찌] vs 유저 [찌]로 무승부	-09:06:49.729561200
컴퓨터 [찌] vs 유저 [빠]로 컴퓨터 승리	-09:06:49.729561200
컴퓨터 [빠] vs 유저 [묵]로 컴퓨터 승리	-09:06:49.729561200
컴퓨터 [빠] vs 유저 [찌]로 유저 승리	-09:06:49.729561200
컴퓨터 [묵] vs 유저 [찌]로 컴퓨터 승리	-09:06:49.730560600
컴퓨터 [묵] vs 유저 [빠]로 유저 승리	-09:06:49.730560600
컴퓨터 [묵] vs 유저 [찌]로 컴퓨터 승리	-09:06:49.730560600
